-------------------------------------------------------------------------------
Test set: br.com.etechoracio.boa_viagem.BoaViagemApiApplicationTests
-------------------------------------------------------------------------------
Tests run: 1, Failures: 0, Errors: 1, Skipped: 0, Time elapsed: 4.526 s <<< FAILURE! - in br.com.etechoracio.boa_viagem.BoaViagemApiApplicationTests
contextLoads  Time elapsed: 0.002 s  <<< ERROR!
java.lang.IllegalStateException: Failed to load ApplicationContext
Caused by: org.springframework.beans.factory.BeanCreationException: Error creating bean with name 'restExceptionHandler': Lookup method resolution failed; nested exception is java.lang.IllegalStateException: Failed to introspect Class [br.com.etechoracio.boa_viagem.exception.handler.RestExceptionHandler] from ClassLoader [sun.misc.Launcher$AppClassLoader@3d4eac69]
Caused by: java.lang.IllegalStateException: Failed to introspect Class [br.com.etechoracio.boa_viagem.exception.handler.RestExceptionHandler] from ClassLoader [sun.misc.Launcher$AppClassLoader@3d4eac69]
Caused by: java.lang.NoClassDefFoundError: ApiErrorResponse
Caused by: java.lang.ClassNotFoundException: ApiErrorResponse

